<?xml version="1.0" encoding="UTF-8"?>
<!-- Generated by org.testng.reporters.JUnitXMLReporter -->
<testsuite ignored="0" hostname="Soham" failures="1" tests="9" name="Test" time="106.791" errors="0" timestamp="2025-04-11T20:27:33 IST">
  <testcase classname="testCases.LoginTest" name="loginWithInvalidCredentials" time="1.515"/>
  <testcase classname="testCases.LoginTest" name="logintoapplication" time="4.136"/>
  <testcase classname="testCases.HomePageTest" name="costCalcSectionOnHomePage" time="4.37"/>
  <testcase classname="testCases.HomePageTest" name="todoListSectionOnHomePage" time="4.325"/>
  <testcase classname="testCases.HomePageTest" name="verifyCalculateWithDiscount" time="13.171"/>
  <testcase classname="testCases.HomePageTest" name="verifyCalculatorWithoutDiscount" time="9.794"/>
  <testcase classname="testCases.PatientTest" name="verifyAddPatientContactDetail" time="2.901"/>
  <testcase classname="testCases.PatientTest" name="verifyAddSecondaryDetail" time="3.565"/>
  <testcase classname="testCases.PatientTest" name="verifyPatientrecordCreationforTest" time="26.919">
    <failure type="org.openqa.selenium.TimeoutException" message="Expected condition failed: waiting for visibility of element located by By.xpath: //label[text()=&amp;apos;Doctor who recommended this test&amp;apos;]/following::button[1] (tried for 10 second(s) with 500 milliseconds interval)
Build info: version: &amp;apos;4.11.0&amp;apos;, revision: &amp;apos;040bc5406b&amp;apos;
System info: os.name: &amp;apos;Windows 11&amp;apos;, os.arch: &amp;apos;amd64&amp;apos;, os.version: &amp;apos;10.0&amp;apos;, java.version: &amp;apos;17.0.10&amp;apos;
Driver info: org.openqa.selenium.chrome.ChromeDriver
Capabilities {acceptInsecureCerts: false, browserName: chrome, browserVersion: 135.0.7049.85, chrome: {chromedriverVersion: 135.0.7049.84 (6c019e560019..., userDataDir: C:\Users\darek\AppData\Loca...}, fedcm:accounts: true, goog:chromeOptions: {debuggerAddress: localhost:59027}, networkConnectionEnabled: false, pageLoadStrategy: normal, platformName: windows, proxy: Proxy(), se:cdp: ws://localhost:59027/devtoo..., se:cdpVersion: 135.0.7049.85, setWindowRect: true, strictFileInteractability: false, timeouts: {implicit: 0, pageLoad: 300000, script: 30000}, unhandledPromptBehavior: dismiss and notify, webauthn:extension:credBlob: true, webauthn:extension:largeBlob: true, webauthn:extension:minPinLength: true, webauthn:extension:prf: true, webauthn:virtualAuthenticators: true}
Session ID: 4f6af69945fa0f9718a13aaf863c1c23">
      <![CDATA[org.openqa.selenium.TimeoutException: Expected condition failed: waiting for visibility of element located by By.xpath: //label[text()='Doctor who recommended this test']/following::button[1] (tried for 10 second(s) with 500 milliseconds interval)
Build info: version: '4.11.0', revision: '040bc5406b'
System info: os.name: 'Windows 11', os.arch: 'amd64', os.version: '10.0', java.version: '17.0.10'
Driver info: org.openqa.selenium.chrome.ChromeDriver
Capabilities {acceptInsecureCerts: false, browserName: chrome, browserVersion: 135.0.7049.85, chrome: {chromedriverVersion: 135.0.7049.84 (6c019e560019..., userDataDir: C:\Users\darek\AppData\Loca...}, fedcm:accounts: true, goog:chromeOptions: {debuggerAddress: localhost:59027}, networkConnectionEnabled: false, pageLoadStrategy: normal, platformName: windows, proxy: Proxy(), se:cdp: ws://localhost:59027/devtoo..., se:cdpVersion: 135.0.7049.85, setWindowRect: true, strictFileInteractability: false, timeouts: {implicit: 0, pageLoad: 300000, script: 30000}, unhandledPromptBehavior: dismiss and notify, webauthn:extension:credBlob: true, webauthn:extension:largeBlob: true, webauthn:extension:minPinLength: true, webauthn:extension:prf: true, webauthn:virtualAuthenticators: true}
Session ID: 4f6af69945fa0f9718a13aaf863c1c23
at org.openqa.selenium.support.ui.WebDriverWait.timeoutException(WebDriverWait.java:84)
at org.openqa.selenium.support.ui.FluentWait.until(FluentWait.java:230)
at pages.Patient.testRecommendedBy(Patient.java:228)
at pages.Patient.addTestDetails(Patient.java:147)
at testCases.PatientTest.verifyPatientrecordCreationforTest(PatientTest.java:66)
at java.base/java.util.ArrayList.forEach(ArrayList.java:1511)
... Removed 27 stack frames]]>
    </failure>
  </testcase> <!-- verifyPatientrecordCreationforTest -->
</testsuite> <!-- Test -->
